
> ecoreport-angular@0.0.0 start
> ng serve --host localhost --port 4200

[33m>[39m Building...
[32m√[39m Building...
[1mInitial chunk files[22m[2m | [22m[1mNames[22m                      [2m | [22m [1mRaw size[22m
[32mpolyfills.js[39m       [2m | [22m[2mpolyfills[22m                  [2m | [22m [36m90.20 kB[39m[2m | [22m
[32mmain.js[39m            [2m | [22m[2mmain[22m                       [2m | [22m [36m25.27 kB[39m[2m | [22m
[32mstyles.css[39m         [2m | [22m[2mstyles[22m                     [2m | [22m [36m19.77 kB[39m[2m | [22m
[32mchunk-QUDDZ5XY.js[39m  [2m | [22m[2m-[22m                          [2m | [22m  [36m6.07 kB[39m[2m | [22m
[32mchunk-GOMI4DH3.js[39m  [2m | [22m[2m-[22m                          [2m | [22m  [36m1.37 kB[39m[2m | [22m

[1m [22m                  [2m | [22m[1mInitial total[22m              [2m | [22m[1m142.69 kB[22m

[1mLazy chunk files[22m   [2m | [22m[1mNames[22m                      [2m | [22m [1mRaw size[22m
[32mchunk-UXKUPHCE.js[39m  [2m | [22m[2mvalidacion-component[22m       [2m | [22m [36m45.05 kB[39m[2m | [22m
[32mchunk-UENTXEGJ.js[39m  [2m | [22m[2madmin-usuarios-component[22m   [2m | [22m [36m32.67 kB[39m[2m | [22m
[32mchunk-4G2FLTPH.js[39m  [2m | [22m[2mreportar-component[22m         [2m | [22m [36m32.45 kB[39m[2m | [22m
[32mchunk-ATVE2EWO.js[39m  [2m | [22m[2m-[22m                          [2m | [22m [36m18.91 kB[39m[2m | [22m
[32mchunk-TV54FGB6.js[39m  [2m | [22m[2mcuadrillas-component[22m       [2m | [22m [36m17.54 kB[39m[2m | [22m
[32mchunk-EI7CNG3H.js[39m  [2m | [22m[2mhome-component[22m             [2m | [22m [36m15.84 kB[39m[2m | [22m
[32mchunk-KBQDMUJ6.js[39m  [2m | [22m[2mreportes-publicos-component[22m[2m | [22m [36m14.84 kB[39m[2m | [22m
[32mchunk-SAN4WMYW.js[39m  [2m | [22m[2mcontacto-component[22m         [2m | [22m [36m13.54 kB[39m[2m | [22m
[32mchunk-YQ4LOERE.js[39m  [2m | [22m[2m-[22m                          [2m | [22m [36m11.72 kB[39m[2m | [22m
[32mchunk-ZIHTRW4E.js[39m  [2m | [22m[2mmapa-ambiental-component[22m   [2m | [22m [36m10.37 kB[39m[2m | [22m
[32mchunk-WAY6EJLQ.js[39m  [2m | [22m[2mregister-component[22m         [2m | [22m [36m10.27 kB[39m[2m | [22m
[32mchunk-PG5H5VTJ.js[39m  [2m | [22m[2mlogin-component[22m            [2m | [22m  [36m8.95 kB[39m[2m | [22m
[32mchunk-5EXGNBXI.js[39m  [2m | [22m[2mestadisticas-component[22m     [2m | [22m  [36m8.54 kB[39m[2m | [22m
[32mchunk-6V5T3TQN.js[39m  [2m | [22m[2mdashboard-component[22m        [2m | [22m  [36m7.00 kB[39m[2m | [22m
[32mchunk-F4NI63AT.js[39m  [2m | [22m[2m-[22m                          [2m | [22m  [36m5.86 kB[39m[2m | [22m
[2m...and 3 more lazy chunks files. Use "--verbose" to show all the files.[22m

Application bundle generation complete. [3.243 seconds]

Watch mode enabled. Watching for file changes...
NOTE: Raw file sizes do not reflect development server per-request transformations.
  [32m➜[39m  [1mLocal[22m:   [36mhttp://localhost:[1m4200[22m/[39m
[2m[32m  ➜[39m[22m[2m  press [22m[1mh + enter[22m[2m to show help[22m
